02-28-2019 10:25:10 PM - custom_logger - INFO: Created Employee: John Smith - John.Smith@email.com
02-28-2019 10:25:10 PM - custom_logger - INFO: Created Employee: Corey Schafer - Corey.Schafer@email.com
02-28-2019 10:25:10 PM - custom_logger - INFO: Created Employee: Corey Schafer - Corey.Schafer@email.com
02-28-2019 10:25:10 PM - custom_logger - INFO: Created Employee: Jane Doe - Jane.Doe@email.com
02-28-2019 10:25:10 PM - custom_logger - INFO: Created Employee: Jane Doe - Jane.Doe@email.com
02-28-2019 10:25:10 PM - custom_logger - INFO: Created Employee: Jane Doe - Jane.Doe@email.com
02-28-2019 10:25:10 PM - custom_logger - INFO: Created Employee: Anish Sebastian - Anish.Sebastian@email.com
02-28-2019 10:25:10 PM - custom_logger - INFO: Created Employee: Anish Sebastian - Anish.Sebastian@email.com
02-28-2019 10:25:10 PM - custom_logger - INFO: Created Employee: Anish Sebastian - Anish.Sebastian@email.com
02-28-2019 10:25:10 PM - custom_logger - INFO: Created Employee: Anish Sebastian - Anish.Sebastian@email.com
02-28-2019 10:25:10 PM - custom_logger - INFO: Test
02-28-2019 10:25:10 PM - custom_logger - INFO: Test
02-28-2019 10:25:10 PM - custom_logger - INFO: Test
02-28-2019 10:25:10 PM - custom_logger - INFO: Test
02-28-2019 10:25:10 PM - custom_logger - INFO: Test
INFO:employee:Created Employee: John Smith - John.Smith@email.com
INFO:employee:Created Employee: Corey Schafer - Corey.Schafer@email.com
INFO:employee:Created Employee: Jane Doe - Jane.Doe@email.com
INFO:employee:Created Employee: John Smith - John.Smith@email.com
INFO:employee:Created Employee: Corey Schafer - Corey.Schafer@email.com
INFO:employee:Created Employee: Jane Doe - Jane.Doe@email.com
